d:\subject\osi2\lab\lab2\debug\activexcpp2.lib
d:\subject\osi2\lab\lab2\debug\activexcpp2.exp
d:\subject\osi2\lab\lab2\activexcpp2\debug\activexcpp2.pch
d:\subject\osi2\lab\lab2\activexcpp2\debug\vc141.pdb
d:\subject\osi2\lab\lab2\activexcpp2\debug\vc141.idb
d:\subject\osi2\lab\lab2\activexcpp2\debug\stdafx.obj
d:\subject\osi2\lab\lab2\activexcpp2\debug\activexcpp2proppage.obj
d:\subject\osi2\lab\lab2\activexcpp2\debug\activexcpp2ctrl.obj
d:\subject\osi2\lab\lab2\activexcpp2\debug\activexcpp2.obj
d:\subject\osi2\lab\lab2\debug\activexcpp2.ilk
d:\subject\osi2\lab\lab2\debug\activexcpp2.ocx
d:\subject\osi2\lab\lab2\debug\activexcpp2.pdb
d:\subject\osi2\lab\lab2\activexcpp2\debug\activexcpp2.tlb
d:\subject\osi2\lab\lab2\activexcpp2\activexcpp2_i.c
d:\subject\osi2\lab\lab2\activexcpp2\activexcpp2idl.h
d:\subject\osi2\lab\lab2\activexcpp2\debug\activexcpp2.res
d:\subject\osi2\lab\lab2\activexcpp2\debug\activexcpp2.tlog\activexcpp2.write.1u.tlog
d:\subject\osi2\lab\lab2\activexcpp2\debug\activexcpp2.tlog\cl.command.1.tlog
d:\subject\osi2\lab\lab2\activexcpp2\debug\activexcpp2.tlog\cl.read.1.tlog
d:\subject\osi2\lab\lab2\activexcpp2\debug\activexcpp2.tlog\cl.write.1.tlog
d:\subject\osi2\lab\lab2\activexcpp2\debug\activexcpp2.tlog\link.command.1.tlog
d:\subject\osi2\lab\lab2\activexcpp2\debug\activexcpp2.tlog\link.read.1.tlog
d:\subject\osi2\lab\lab2\activexcpp2\debug\activexcpp2.tlog\link.write.1.tlog
d:\subject\osi2\lab\lab2\activexcpp2\debug\activexcpp2.tlog\midl.command.1.tlog
d:\subject\osi2\lab\lab2\activexcpp2\debug\activexcpp2.tlog\midl.read.1.tlog
d:\subject\osi2\lab\lab2\activexcpp2\debug\activexcpp2.tlog\midl.write.1.tlog
d:\subject\osi2\lab\lab2\activexcpp2\debug\activexcpp2.tlog\rc.command.1.tlog
d:\subject\osi2\lab\lab2\activexcpp2\debug\activexcpp2.tlog\rc.read.1.tlog
d:\subject\osi2\lab\lab2\activexcpp2\debug\activexcpp2.tlog\rc.write.1.tlog
