d:\subject\osi2\lab\lab4\mfclibrary1\debug\mfclibrary1.pch
d:\subject\osi2\lab\lab4\mfclibrary1\debug\vc141.pdb
d:\subject\osi2\lab\lab4\mfclibrary1\debug\vc141.idb
d:\subject\osi2\lab\lab4\mfclibrary1\debug\stdafx.obj
d:\subject\osi2\lab\lab4\mfclibrary1\debug\dllmain.obj
d:\subject\osi2\lab\lab4\mfclibrary1\debug\mfclibrary1.obj
d:\subject\osi2\lab\lab4\debug\mfclibrary1.ilk
d:\subject\osi2\lab\lab4\debug\mfclibrary1.dll
d:\subject\osi2\lab\lab4\debug\mfclibrary1.pdb
d:\subject\osi2\lab\lab4\debug\mfclibrary1.lib
d:\subject\osi2\lab\lab4\debug\mfclibrary1.exp
d:\subject\osi2\lab\lab4\mfclibrary1\debug\mfclibrary1.res
d:\subject\osi2\lab\lab4\mfclibrary1\debug\mfclibrary1.tlog\cl.command.1.tlog
d:\subject\osi2\lab\lab4\mfclibrary1\debug\mfclibrary1.tlog\cl.read.1.tlog
d:\subject\osi2\lab\lab4\mfclibrary1\debug\mfclibrary1.tlog\cl.write.1.tlog
d:\subject\osi2\lab\lab4\mfclibrary1\debug\mfclibrary1.tlog\link.command.1.tlog
d:\subject\osi2\lab\lab4\mfclibrary1\debug\mfclibrary1.tlog\link.read.1.tlog
d:\subject\osi2\lab\lab4\mfclibrary1\debug\mfclibrary1.tlog\link.write.1.tlog
d:\subject\osi2\lab\lab4\mfclibrary1\debug\mfclibrary1.tlog\mfclibrary1.write.1u.tlog
d:\subject\osi2\lab\lab4\mfclibrary1\debug\mfclibrary1.tlog\rc.command.1.tlog
d:\subject\osi2\lab\lab4\mfclibrary1\debug\mfclibrary1.tlog\rc.read.1.tlog
d:\subject\osi2\lab\lab4\mfclibrary1\debug\mfclibrary1.tlog\rc.write.1.tlog
